<?xml version="1.0" encoding="UTF-8"?>
<testsuite name="com.ae.adq.maha.interview.InterviewApplicationTests" tests="1" skipped="0" failures="0" errors="0" timestamp="2021-03-19T01:39:34" hostname="Thamis-MacBook-Pro-2.local" time="0.047">
  <properties/>
  <testcase name="contextLoads()" classname="com.ae.adq.maha.interview.InterviewApplicationTests" time="0.047"/>
  <system-out><![CDATA[03:39:30.319 [Test worker] DEBUG org.springframework.test.context.BootstrapUtils - Instantiating CacheAwareContextLoaderDelegate from class [org.springframework.test.context.cache.DefaultCacheAwareContextLoaderDelegate]
03:39:30.334 [Test worker] DEBUG org.springframework.test.context.BootstrapUtils - Instantiating BootstrapContext using constructor [public org.springframework.test.context.support.DefaultBootstrapContext(java.lang.Class,org.springframework.test.context.CacheAwareContextLoaderDelegate)]
03:39:30.363 [Test worker] DEBUG org.springframework.test.context.BootstrapUtils - Instantiating TestContextBootstrapper for test class [com.ae.adq.maha.interview.InterviewApplicationTests] from class [org.springframework.boot.test.context.SpringBootTestContextBootstrapper]
03:39:30.372 [Test worker] INFO org.springframework.boot.test.context.SpringBootTestContextBootstrapper - Neither @ContextConfiguration nor @ContextHierarchy found for test class [com.ae.adq.maha.interview.InterviewApplicationTests], using SpringBootContextLoader
03:39:30.376 [Test worker] DEBUG org.springframework.test.context.support.AbstractContextLoader - Did not detect default resource location for test class [com.ae.adq.maha.interview.InterviewApplicationTests]: class path resource [com/ae/adq/maha/interview/InterviewApplicationTests-context.xml] does not exist
03:39:30.376 [Test worker] DEBUG org.springframework.test.context.support.AbstractContextLoader - Did not detect default resource location for test class [com.ae.adq.maha.interview.InterviewApplicationTests]: class path resource [com/ae/adq/maha/interview/InterviewApplicationTestsContext.groovy] does not exist
03:39:30.377 [Test worker] INFO org.springframework.test.context.support.AbstractContextLoader - Could not detect default resource locations for test class [com.ae.adq.maha.interview.InterviewApplicationTests]: no resource found for suffixes {-context.xml, Context.groovy}.
03:39:30.377 [Test worker] INFO org.springframework.test.context.support.AnnotationConfigContextLoaderUtils - Could not detect default configuration classes for test class [com.ae.adq.maha.interview.InterviewApplicationTests]: InterviewApplicationTests does not declare any static, non-private, non-final, nested classes annotated with @Configuration.
03:39:30.409 [Test worker] DEBUG org.springframework.test.context.support.ActiveProfilesUtils - Could not find an 'annotation declaring class' for annotation type [org.springframework.test.context.ActiveProfiles] and class [com.ae.adq.maha.interview.InterviewApplicationTests]
03:39:30.463 [Test worker] DEBUG org.springframework.context.annotation.ClassPathScanningCandidateComponentProvider - Identified candidate component class: file [/Users/thamitulo/Projects/bluetank/adq/build/classes/java/main/com/ae/adq/maha/interview/InterviewApplication.class]
03:39:30.464 [Test worker] INFO org.springframework.boot.test.context.SpringBootTestContextBootstrapper - Found @SpringBootConfiguration com.ae.adq.maha.interview.InterviewApplication for test class com.ae.adq.maha.interview.InterviewApplicationTests
03:39:30.545 [Test worker] DEBUG org.springframework.boot.test.context.SpringBootTestContextBootstrapper - @TestExecutionListeners is not present for class [com.ae.adq.maha.interview.InterviewApplicationTests]: using defaults.
03:39:30.545 [Test worker] INFO org.springframework.boot.test.context.SpringBootTestContextBootstrapper - Loaded default TestExecutionListener class names from location [META-INF/spring.factories]: [org.springframework.boot.test.autoconfigure.restdocs.RestDocsTestExecutionListener, org.springframework.boot.test.autoconfigure.web.client.MockRestServiceServerResetTestExecutionListener, org.springframework.boot.test.autoconfigure.web.servlet.MockMvcPrintOnlyOnFailureTestExecutionListener, org.springframework.boot.test.autoconfigure.web.servlet.WebDriverTestExecutionListener, org.springframework.boot.test.autoconfigure.webservices.client.MockWebServiceServerTestExecutionListener, org.springframework.boot.test.mock.mockito.MockitoTestExecutionListener, org.springframework.boot.test.mock.mockito.ResetMocksTestExecutionListener, org.springframework.test.context.web.ServletTestExecutionListener, org.springframework.test.context.support.DirtiesContextBeforeModesTestExecutionListener, org.springframework.test.context.event.ApplicationEventsTestExecutionListener, org.springframework.test.context.support.DependencyInjectionTestExecutionListener, org.springframework.test.context.support.DirtiesContextTestExecutionListener, org.springframework.test.context.transaction.TransactionalTestExecutionListener, org.springframework.test.context.jdbc.SqlScriptsTestExecutionListener, org.springframework.test.context.event.EventPublishingTestExecutionListener]
03:39:30.558 [Test worker] INFO org.springframework.boot.test.context.SpringBootTestContextBootstrapper - Using TestExecutionListeners: [org.springframework.test.context.web.ServletTestExecutionListener@4a66d0ba, org.springframework.test.context.support.DirtiesContextBeforeModesTestExecutionListener@73fba800, org.springframework.test.context.event.ApplicationEventsTestExecutionListener@173df79d, org.springframework.boot.test.mock.mockito.MockitoTestExecutionListener@6a140529, org.springframework.boot.test.autoconfigure.SpringBootDependencyInjectionTestExecutionListener@168bfbd1, org.springframework.test.context.support.DirtiesContextTestExecutionListener@389efaa8, org.springframework.test.context.transaction.TransactionalTestExecutionListener@40676339, org.springframework.test.context.jdbc.SqlScriptsTestExecutionListener@a101b51, org.springframework.test.context.event.EventPublishingTestExecutionListener@438c3cb1, org.springframework.boot.test.autoconfigure.restdocs.RestDocsTestExecutionListener@c08d5d2, org.springframework.boot.test.autoconfigure.web.client.MockRestServiceServerResetTestExecutionListener@770d01c1, org.springframework.boot.test.autoconfigure.web.servlet.MockMvcPrintOnlyOnFailureTestExecutionListener@7d4d56e2, org.springframework.boot.test.autoconfigure.web.servlet.WebDriverTestExecutionListener@5f86944e, org.springframework.boot.test.autoconfigure.webservices.client.MockWebServiceServerTestExecutionListener@156a7c29, org.springframework.boot.test.mock.mockito.ResetMocksTestExecutionListener@a76744c]
03:39:30.562 [Test worker] DEBUG org.springframework.test.context.support.AbstractDirtiesContextTestExecutionListener - Before test class: context [DefaultTestContext@7dfbd717 testClass = InterviewApplicationTests, testInstance = [null], testMethod = [null], testException = [null], mergedContextConfiguration = [WebMergedContextConfiguration@7565fc3f testClass = InterviewApplicationTests, locations = '{}', classes = '{class com.ae.adq.maha.interview.InterviewApplication}', contextInitializerClasses = '[]', activeProfiles = '{}', propertySourceLocations = '{}', propertySourceProperties = '{org.springframework.boot.test.context.SpringBootTestContextBootstrapper=true}', contextCustomizers = set[org.springframework.boot.test.autoconfigure.actuate.metrics.MetricsExportContextCustomizerFactory$DisableMetricExportContextCustomizer@3f2294a3, org.springframework.boot.test.autoconfigure.properties.PropertyMappingContextCustomizer@0, org.springframework.boot.test.autoconfigure.web.servlet.WebDriverContextCustomizerFactory$Customizer@30aab5a8, org.springframework.boot.test.context.filter.ExcludeFilterContextCustomizer@6ed5e1f2, org.springframework.boot.test.json.DuplicateJsonObjectContextCustomizerFactory$DuplicateJsonObjectContextCustomizer@41654450, org.springframework.boot.test.mock.mockito.MockitoContextCustomizer@0, org.springframework.boot.test.web.client.TestRestTemplateContextCustomizer@60754667, org.springframework.boot.test.context.SpringBootTestArgs@1, org.springframework.boot.test.context.SpringBootTestWebEnvironment@1711da1c], resourceBasePath = 'src/main/webapp', contextLoader = 'org.springframework.boot.test.context.SpringBootContextLoader', parent = [null]], attributes = map['org.springframework.test.context.web.ServletTestExecutionListener.activateListener' -> true]], class annotated with @DirtiesContext [false] with mode [null].
03:39:30.584 [Test worker] DEBUG org.springframework.test.context.support.TestPropertySourceUtils - Adding inlined properties to environment: {spring.jmx.enabled=false, org.springframework.boot.test.context.SpringBootTestContextBootstrapper=true}
2021-03-19 03:39:30.930  INFO 13621 --- [    Test worker] c.a.a.m.i.InterviewApplicationTests      : Starting InterviewApplicationTests using Java 1.8.0_222 on Thamis-MacBook-Pro-2.local with PID 13621 (started by thamitulo in /Users/thamitulo/Projects/bluetank/adq)
2021-03-19 03:39:30.932  INFO 13621 --- [    Test worker] c.a.a.m.i.InterviewApplicationTests      : No active profile set, falling back to default profiles: default
2021-03-19 03:39:31.691  INFO 13621 --- [    Test worker] .s.d.r.c.RepositoryConfigurationDelegate : Bootstrapping Spring Data JPA repositories in DEFAULT mode.
2021-03-19 03:39:31.703  INFO 13621 --- [    Test worker] .s.d.r.c.RepositoryConfigurationDelegate : Finished Spring Data repository scanning in 5 ms. Found 0 JPA repository interfaces.
2021-03-19 03:39:32.156  INFO 13621 --- [    Test worker] com.zaxxer.hikari.HikariDataSource       : HikariPool-1 - Starting...
2021-03-19 03:39:32.401  INFO 13621 --- [    Test worker] com.zaxxer.hikari.HikariDataSource       : HikariPool-1 - Start completed.
2021-03-19 03:39:32.466  INFO 13621 --- [    Test worker] o.hibernate.jpa.internal.util.LogHelper  : HHH000204: Processing PersistenceUnitInfo [name: default]
2021-03-19 03:39:32.512  INFO 13621 --- [    Test worker] org.hibernate.Version                    : HHH000412: Hibernate ORM core version 5.4.29.Final
2021-03-19 03:39:32.647  INFO 13621 --- [    Test worker] o.hibernate.annotations.common.Version   : HCANN000001: Hibernate Commons Annotations {5.1.2.Final}
2021-03-19 03:39:32.747  INFO 13621 --- [    Test worker] org.hibernate.dialect.Dialect            : HHH000400: Using dialect: org.hibernate.dialect.H2Dialect
2021-03-19 03:39:32.947  INFO 13621 --- [    Test worker] o.h.e.t.j.p.i.JtaPlatformInitiator       : HHH000490: Using JtaPlatform implementation: [org.hibernate.engine.transaction.jta.platform.internal.NoJtaPlatform]
2021-03-19 03:39:32.955  INFO 13621 --- [    Test worker] j.LocalContainerEntityManagerFactoryBean : Initialized JPA EntityManagerFactory for persistence unit 'default'
2021-03-19 03:39:33.321  WARN 13621 --- [    Test worker] JpaBaseConfiguration$JpaWebConfiguration : spring.jpa.open-in-view is enabled by default. Therefore, database queries may be performed during view rendering. Explicitly configure spring.jpa.open-in-view to disable this warning
2021-03-19 03:39:33.405  INFO 13621 --- [    Test worker] o.s.b.a.h2.H2ConsoleAutoConfiguration    : H2 console available at '/h2-console'. Database available at 'jdbc:h2:mem:testdb'
2021-03-19 03:39:33.764  INFO 13621 --- [    Test worker] o.s.s.concurrent.ThreadPoolTaskExecutor  : Initializing ExecutorService 'applicationTaskExecutor'
2021-03-19 03:39:34.221  INFO 13621 --- [    Test worker] c.a.a.m.i.InterviewApplicationTests      : Started InterviewApplicationTests in 3.631 seconds (JVM running for 4.549)
]]></system-out>
  <system-err><![CDATA[]]></system-err>
</testsuite>
