<?xml version="1.0" encoding="UTF-8"?>
<testsuite name="com.ae.adq.maha.interview.rest.InventoryControllerTest" tests="1" skipped="0" failures="0" errors="0" timestamp="2021-03-19T01:39:35" hostname="Thamis-MacBook-Pro-2.local" time="0.139">
  <properties/>
  <testcase name="shouldReturnOk()" classname="com.ae.adq.maha.interview.rest.InventoryControllerTest" time="0.139"/>
  <system-out><![CDATA[2021-03-19 03:39:34.287  INFO 13621 --- [    Test worker] .b.t.c.SpringBootTestContextBootstrapper : Neither @ContextConfiguration nor @ContextHierarchy found for test class [com.ae.adq.maha.interview.rest.InventoryControllerTest], using SpringBootContextLoader
2021-03-19 03:39:34.288  INFO 13621 --- [    Test worker] o.s.t.c.support.AbstractContextLoader    : Could not detect default resource locations for test class [com.ae.adq.maha.interview.rest.InventoryControllerTest]: no resource found for suffixes {-context.xml, Context.groovy}.
2021-03-19 03:39:34.288  INFO 13621 --- [    Test worker] t.c.s.AnnotationConfigContextLoaderUtils : Could not detect default configuration classes for test class [com.ae.adq.maha.interview.rest.InventoryControllerTest]: InventoryControllerTest does not declare any static, non-private, non-final, nested classes annotated with @Configuration.
2021-03-19 03:39:34.296  INFO 13621 --- [    Test worker] .b.t.c.SpringBootTestContextBootstrapper : Found @SpringBootConfiguration com.ae.adq.maha.interview.InterviewApplication for test class com.ae.adq.maha.interview.rest.InventoryControllerTest
2021-03-19 03:39:34.298  INFO 13621 --- [    Test worker] .b.t.c.SpringBootTestContextBootstrapper : Loaded default TestExecutionListener class names from location [META-INF/spring.factories]: [org.springframework.boot.test.autoconfigure.restdocs.RestDocsTestExecutionListener, org.springframework.boot.test.autoconfigure.web.client.MockRestServiceServerResetTestExecutionListener, org.springframework.boot.test.autoconfigure.web.servlet.MockMvcPrintOnlyOnFailureTestExecutionListener, org.springframework.boot.test.autoconfigure.web.servlet.WebDriverTestExecutionListener, org.springframework.boot.test.autoconfigure.webservices.client.MockWebServiceServerTestExecutionListener, org.springframework.boot.test.mock.mockito.MockitoTestExecutionListener, org.springframework.boot.test.mock.mockito.ResetMocksTestExecutionListener, org.springframework.test.context.web.ServletTestExecutionListener, org.springframework.test.context.support.DirtiesContextBeforeModesTestExecutionListener, org.springframework.test.context.event.ApplicationEventsTestExecutionListener, org.springframework.test.context.support.DependencyInjectionTestExecutionListener, org.springframework.test.context.support.DirtiesContextTestExecutionListener, org.springframework.test.context.transaction.TransactionalTestExecutionListener, org.springframework.test.context.jdbc.SqlScriptsTestExecutionListener, org.springframework.test.context.event.EventPublishingTestExecutionListener]
2021-03-19 03:39:34.298  INFO 13621 --- [    Test worker] .b.t.c.SpringBootTestContextBootstrapper : Using TestExecutionListeners: [org.springframework.test.context.web.ServletTestExecutionListener@1599d033, org.springframework.test.context.support.DirtiesContextBeforeModesTestExecutionListener@a23fbe9, org.springframework.test.context.event.ApplicationEventsTestExecutionListener@3fc7a462, org.springframework.boot.test.mock.mockito.MockitoTestExecutionListener@2235ecb4, org.springframework.boot.test.autoconfigure.SpringBootDependencyInjectionTestExecutionListener@79f6a889, org.springframework.test.context.support.DirtiesContextTestExecutionListener@6c1fe8ed, org.springframework.test.context.transaction.TransactionalTestExecutionListener@6ef9b5b8, org.springframework.test.context.jdbc.SqlScriptsTestExecutionListener@63a4a49f, org.springframework.test.context.event.EventPublishingTestExecutionListener@2fdafa82, org.springframework.boot.test.autoconfigure.restdocs.RestDocsTestExecutionListener@3c113714, org.springframework.boot.test.autoconfigure.web.client.MockRestServiceServerResetTestExecutionListener@1fe6115b, org.springframework.boot.test.autoconfigure.web.servlet.MockMvcPrintOnlyOnFailureTestExecutionListener@5920de64, org.springframework.boot.test.autoconfigure.web.servlet.WebDriverTestExecutionListener@21562128, org.springframework.boot.test.autoconfigure.webservices.client.MockWebServiceServerTestExecutionListener@144a0b81, org.springframework.boot.test.mock.mockito.ResetMocksTestExecutionListener@3b89ac9a]
2021-03-19 03:39:34.326  INFO 13621 --- [    Test worker] c.a.a.m.i.rest.InventoryControllerTest   : Starting InventoryControllerTest using Java 1.8.0_222 on Thamis-MacBook-Pro-2.local with PID 13621 (started by thamitulo in /Users/thamitulo/Projects/bluetank/adq)
2021-03-19 03:39:34.327  INFO 13621 --- [    Test worker] c.a.a.m.i.rest.InventoryControllerTest   : No active profile set, falling back to default profiles: default
2021-03-19 03:39:34.536  INFO 13621 --- [    Test worker] .s.d.r.c.RepositoryConfigurationDelegate : Bootstrapping Spring Data JPA repositories in DEFAULT mode.
2021-03-19 03:39:34.539  INFO 13621 --- [    Test worker] .s.d.r.c.RepositoryConfigurationDelegate : Finished Spring Data repository scanning in 2 ms. Found 0 JPA repository interfaces.
2021-03-19 03:39:34.746  INFO 13621 --- [    Test worker] o.s.b.w.embedded.tomcat.TomcatWebServer  : Tomcat initialized with port(s): 0 (http)
2021-03-19 03:39:34.757  INFO 13621 --- [    Test worker] o.apache.catalina.core.StandardService   : Starting service [Tomcat]
2021-03-19 03:39:34.758  INFO 13621 --- [    Test worker] org.apache.catalina.core.StandardEngine  : Starting Servlet engine: [Apache Tomcat/9.0.44]
2021-03-19 03:39:34.934  INFO 13621 --- [    Test worker] o.a.c.c.C.[Tomcat].[localhost].[/]       : Initializing Spring embedded WebApplicationContext
2021-03-19 03:39:34.934  INFO 13621 --- [    Test worker] w.s.c.ServletWebServerApplicationContext : Root WebApplicationContext: initialization completed in 605 ms
2021-03-19 03:39:34.965  INFO 13621 --- [    Test worker] com.zaxxer.hikari.HikariDataSource       : HikariPool-2 - Starting...
2021-03-19 03:39:34.966  INFO 13621 --- [    Test worker] com.zaxxer.hikari.HikariDataSource       : HikariPool-2 - Start completed.
2021-03-19 03:39:34.966  INFO 13621 --- [    Test worker] o.s.b.a.h2.H2ConsoleAutoConfiguration    : H2 console available at '/h2-console'. Database available at 'jdbc:h2:mem:testdb'
2021-03-19 03:39:35.060  INFO 13621 --- [    Test worker] o.hibernate.jpa.internal.util.LogHelper  : HHH000204: Processing PersistenceUnitInfo [name: default]
2021-03-19 03:39:35.063  INFO 13621 --- [    Test worker] org.hibernate.dialect.Dialect            : HHH000400: Using dialect: org.hibernate.dialect.H2Dialect
2021-03-19 03:39:35.071  INFO 13621 --- [    Test worker] o.h.e.t.j.p.i.JtaPlatformInitiator       : HHH000490: Using JtaPlatform implementation: [org.hibernate.engine.transaction.jta.platform.internal.NoJtaPlatform]
2021-03-19 03:39:35.071  INFO 13621 --- [    Test worker] j.LocalContainerEntityManagerFactoryBean : Initialized JPA EntityManagerFactory for persistence unit 'default'
2021-03-19 03:39:35.249  WARN 13621 --- [    Test worker] JpaBaseConfiguration$JpaWebConfiguration : spring.jpa.open-in-view is enabled by default. Therefore, database queries may be performed during view rendering. Explicitly configure spring.jpa.open-in-view to disable this warning
2021-03-19 03:39:35.399  INFO 13621 --- [    Test worker] o.s.s.concurrent.ThreadPoolTaskExecutor  : Initializing ExecutorService 'applicationTaskExecutor'
2021-03-19 03:39:35.526  INFO 13621 --- [    Test worker] o.a.c.c.C.[Tomcat].[localhost].[/]       : Initializing Spring TestDispatcherServlet ''
2021-03-19 03:39:35.526  INFO 13621 --- [    Test worker] o.s.t.web.servlet.TestDispatcherServlet  : Initializing Servlet ''
2021-03-19 03:39:35.527  INFO 13621 --- [    Test worker] o.s.t.web.servlet.TestDispatcherServlet  : Completed initialization in 1 ms
2021-03-19 03:39:35.575  INFO 13621 --- [    Test worker] o.s.b.w.embedded.tomcat.TomcatWebServer  : Tomcat started on port(s): 63728 (http) with context path ''
2021-03-19 03:39:35.624  INFO 13621 --- [    Test worker] c.a.a.m.i.rest.InventoryControllerTest   : Started InventoryControllerTest in 1.323 seconds (JVM running for 5.952)
]]></system-out>
  <system-err><![CDATA[]]></system-err>
</testsuite>
