<?xml version="1.0" encoding="UTF-8"?>
<testsuite name="com.ae.adq.maha.interview.rest.InventoryControllerTest" tests="1" skipped="0" failures="0" errors="0" timestamp="2021-03-20T03:24:43" hostname="Thamis-MacBook-Pro-2.local" time="0.283">
  <properties/>
  <testcase name="shouldReturnTotalPrice" classname="com.ae.adq.maha.interview.rest.InventoryControllerTest" time="0.283"/>
  <system-out><![CDATA[2021-03-20 05:24:42.454  INFO 25839 --- [    Test worker] c.a.a.m.i.rest.InventoryControllerTest   : Starting InventoryControllerTest using Java 1.8.0_222 on Thamis-MacBook-Pro-2.local with PID 25839 (started by thamitulo in /Users/thamitulo/Projects/bluetank/adq)
2021-03-20 05:24:42.454  INFO 25839 --- [    Test worker] c.a.a.m.i.rest.InventoryControllerTest   : No active profile set, falling back to default profiles: default
2021-03-20 05:24:42.660  INFO 25839 --- [    Test worker] .s.d.r.c.RepositoryConfigurationDelegate : Bootstrapping Spring Data JPA repositories in DEFAULT mode.
2021-03-20 05:24:42.669  INFO 25839 --- [    Test worker] .s.d.r.c.RepositoryConfigurationDelegate : Finished Spring Data repository scanning in 8 ms. Found 1 JPA repository interfaces.
2021-03-20 05:24:42.900  INFO 25839 --- [    Test worker] o.s.b.w.embedded.tomcat.TomcatWebServer  : Tomcat initialized with port(s): 0 (http)
2021-03-20 05:24:42.911  INFO 25839 --- [    Test worker] o.apache.catalina.core.StandardService   : Starting service [Tomcat]
2021-03-20 05:24:42.912  INFO 25839 --- [    Test worker] org.apache.catalina.core.StandardEngine  : Starting Servlet engine: [Apache Tomcat/9.0.44]
2021-03-20 05:24:42.986  INFO 25839 --- [    Test worker] o.a.c.c.C.[Tomcat].[localhost].[/]       : Initializing Spring embedded WebApplicationContext
2021-03-20 05:24:42.986  INFO 25839 --- [    Test worker] w.s.c.ServletWebServerApplicationContext : Root WebApplicationContext: initialization completed in 529 ms
2021-03-20 05:24:43.021  INFO 25839 --- [    Test worker] com.zaxxer.hikari.HikariDataSource       : HikariPool-2 - Starting...
2021-03-20 05:24:43.022  INFO 25839 --- [    Test worker] com.zaxxer.hikari.HikariDataSource       : HikariPool-2 - Start completed.
2021-03-20 05:24:43.022  INFO 25839 --- [    Test worker] o.s.b.a.h2.H2ConsoleAutoConfiguration    : H2 console available at '/h2-console'. Database available at 'jdbc:h2:mem:testdb'
2021-03-20 05:24:43.125  INFO 25839 --- [    Test worker] o.hibernate.jpa.internal.util.LogHelper  : HHH000204: Processing PersistenceUnitInfo [name: default]
2021-03-20 05:24:43.129  INFO 25839 --- [    Test worker] org.hibernate.dialect.Dialect            : HHH000400: Using dialect: org.hibernate.dialect.H2Dialect
2021-03-20 05:24:43.154  INFO 25839 --- [    Test worker] o.h.e.t.j.p.i.JtaPlatformInitiator       : HHH000490: Using JtaPlatform implementation: [org.hibernate.engine.transaction.jta.platform.internal.NoJtaPlatform]
2021-03-20 05:24:43.154  INFO 25839 --- [    Test worker] j.LocalContainerEntityManagerFactoryBean : Initialized JPA EntityManagerFactory for persistence unit 'default'
2021-03-20 05:24:43.390  WARN 25839 --- [    Test worker] JpaBaseConfiguration$JpaWebConfiguration : spring.jpa.open-in-view is enabled by default. Therefore, database queries may be performed during view rendering. Explicitly configure spring.jpa.open-in-view to disable this warning
2021-03-20 05:24:43.555  INFO 25839 --- [    Test worker] o.s.s.concurrent.ThreadPoolTaskExecutor  : Initializing ExecutorService 'applicationTaskExecutor'
2021-03-20 05:24:43.706  INFO 25839 --- [    Test worker] o.a.c.c.C.[Tomcat].[localhost].[/]       : Initializing Spring TestDispatcherServlet ''
2021-03-20 05:24:43.707  INFO 25839 --- [    Test worker] o.s.t.web.servlet.TestDispatcherServlet  : Initializing Servlet ''
2021-03-20 05:24:43.708  INFO 25839 --- [    Test worker] o.s.t.web.servlet.TestDispatcherServlet  : Completed initialization in 1 ms
2021-03-20 05:24:43.762  INFO 25839 --- [    Test worker] o.s.b.w.embedded.tomcat.TomcatWebServer  : Tomcat started on port(s): 51657 (http) with context path ''
2021-03-20 05:24:43.808  INFO 25839 --- [    Test worker] c.a.a.m.i.rest.InventoryControllerTest   : Started InventoryControllerTest in 1.377 seconds (JVM running for 7.211)
2021-03-20 05:24:43.887  INFO 25839 --- [    Test worker] c.a.a.m.i.s.PriceCalculationsService     : Codes [001, 002, 001, 004, 003] 
2021-03-20 05:24:43.887  INFO 25839 --- [    Test worker] c.a.a.m.i.s.PriceCalculationsService     : Aggregator {001=2, 002=1, 003=1, 004=1} 
]]></system-out>
  <system-err><![CDATA[]]></system-err>
</testsuite>
